{
  "RSpec": {
    "coverage": {
      "/Users/samuelgladstone/Dropbox/launchacademy/clm/app/models/user.rb": [
        1,
        null,
        null,
        1,
        null,
        null,
        1,
        0,
        null,
        null,
        1,
        null
      ],
      "/Users/samuelgladstone/Dropbox/launchacademy/clm/app/helpers/application_helper.rb": [
        1,
        null
      ],
      "/Users/samuelgladstone/Dropbox/launchacademy/clm/app/models/craigslist_result.rb": [
        1,
        null,
        1,
        1,
        1,
        null,
        1,
        24,
        24,
        24,
        24,
        24,
        null,
        null,
        1,
        2,
        null,
        null,
        1,
        null,
        2,
        null,
        null,
        1,
        2,
        null,
        2,
        null,
        null,
        1,
        2,
        null,
        2,
        null,
        null,
        1,
        null,
        24,
        null,
        null,
        1,
        0,
        null,
        null,
        null,
        null,
        1,
        24,
        null,
        null,
        1,
        3,
        null,
        null,
        1,
        2,
        1,
        null,
        null,
        null,
        1,
        2,
        1,
        null,
        null,
        null,
        1,
        1,
        1,
        1,
        3,
        null,
        1,
        null,
        null,
        null
      ]
    },
    "timestamp": 1407039959
  }
}
